<?xml version="1.0" encoding="UTF-8"?>
<!-- Generated by org.testng.reporters.JUnitXMLReporter -->
<testsuite ignored="0" hostname="Randhir" failures="0" tests="3" name="Test" time="8.522" errors="0" timestamp="2022-10-10T12:36:54 IST">
  <testcase classname="postTestCases.postTc1" name="post_Executer_Tc1" time="5.183"/>
  <testcase classname="postTestCases.postTc3" name="post_Executer_Tc3" time="1.597"/>
  <testcase classname="postTestCases.postTc2" name="post_Executer_Tc2" time="1.624"/>
</testsuite> <!-- Test -->
